{"/Users/lisawilton/Lambda/lambdaProjects/Park-Passport-BW/knexfile.js": {"path":"/Users/lisawilton/Lambda/lambdaProjects/Park-Passport-BW/knexfile.js","statementMap":{"0":{"start":{"line":1,"column":0},"end":{"line":43,"column":2}},"1":{"start":{"line":10,"column":8},"end":{"line":10,"column":51}}},"fnMap":{"0":{"name":"(anonymous_0)","decl":{"start":{"line":9,"column":19},"end":{"line":9,"column":20}},"loc":{"start":{"line":9,"column":35},"end":{"line":11,"column":7}},"line":9}},"branchMap":{},"s":{"0":3,"1":2},"f":{"0":2},"b":{},"_coverageSchema":"43e27e138ebf9cfc5966b082cf9a028302ed4184","hash":"c13b6212a7cb06657d36b63c86e257c9ea2f90da"}
,"/Users/lisawilton/Lambda/lambdaProjects/Park-Passport-BW/api/server.js": {"path":"/Users/lisawilton/Lambda/lambdaProjects/Park-Passport-BW/api/server.js","statementMap":{"0":{"start":{"line":1,"column":16},"end":{"line":1,"column":34}},"1":{"start":{"line":2,"column":15},"end":{"line":2,"column":32}},"2":{"start":{"line":3,"column":13},"end":{"line":3,"column":28}},"3":{"start":{"line":4,"column":15},"end":{"line":4,"column":34}},"4":{"start":{"line":5,"column":14},"end":{"line":5,"column":44}},"5":{"start":{"line":7,"column":20},"end":{"line":7,"column":52}},"6":{"start":{"line":8,"column":19},"end":{"line":8,"column":53}},"7":{"start":{"line":9,"column":19},"end":{"line":9,"column":49}},"8":{"start":{"line":11,"column":15},"end":{"line":11,"column":24}},"9":{"start":{"line":13,"column":0},"end":{"line":13,"column":21}},"10":{"start":{"line":14,"column":0},"end":{"line":14,"column":27}},"11":{"start":{"line":15,"column":0},"end":{"line":15,"column":19}},"12":{"start":{"line":17,"column":0},"end":{"line":17,"column":34}},"13":{"start":{"line":18,"column":0},"end":{"line":18,"column":33}},"14":{"start":{"line":19,"column":0},"end":{"line":19,"column":32}},"15":{"start":{"line":21,"column":0},"end":{"line":23,"column":3}},"16":{"start":{"line":22,"column":2},"end":{"line":22,"column":49}},"17":{"start":{"line":25,"column":0},"end":{"line":25,"column":24}}},"fnMap":{"0":{"name":"(anonymous_0)","decl":{"start":{"line":21,"column":16},"end":{"line":21,"column":17}},"loc":{"start":{"line":21,"column":30},"end":{"line":23,"column":1}},"line":21}},"branchMap":{},"s":{"0":3,"1":3,"2":3,"3":3,"4":3,"5":3,"6":3,"7":3,"8":3,"9":3,"10":3,"11":3,"12":3,"13":3,"14":3,"15":3,"16":3,"17":3},"f":{"0":3},"b":{},"_coverageSchema":"43e27e138ebf9cfc5966b082cf9a028302ed4184","hash":"4eebfb30c016cf71c57d6f072441297e8a550d32"}
,"/Users/lisawilton/Lambda/lambdaProjects/Park-Passport-BW/auth/auth-router.js": {"path":"/Users/lisawilton/Lambda/lambdaProjects/Park-Passport-BW/auth/auth-router.js","statementMap":{"0":{"start":{"line":1,"column":16},"end":{"line":1,"column":34}},"1":{"start":{"line":2,"column":15},"end":{"line":2,"column":34}},"2":{"start":{"line":3,"column":14},"end":{"line":3,"column":44}},"3":{"start":{"line":4,"column":15},"end":{"line":4,"column":31}},"4":{"start":{"line":5,"column":12},"end":{"line":5,"column":35}},"5":{"start":{"line":6,"column":0},"end":{"line":6,"column":27}},"6":{"start":{"line":8,"column":0},"end":{"line":26,"column":3}},"7":{"start":{"line":9,"column":31},"end":{"line":9,"column":39}},"8":{"start":{"line":10,"column":2},"end":{"line":25,"column":7}},"9":{"start":{"line":13,"column":6},"end":{"line":21,"column":7}},"10":{"start":{"line":14,"column":22},"end":{"line":14,"column":41}},"11":{"start":{"line":15,"column":8},"end":{"line":18,"column":11}},"12":{"start":{"line":20,"column":8},"end":{"line":20,"column":65}},"13":{"start":{"line":24,"column":6},"end":{"line":24,"column":42}},"14":{"start":{"line":29,"column":18},"end":{"line":32,"column":3}},"15":{"start":{"line":33,"column":18},"end":{"line":35,"column":3}},"16":{"start":{"line":36,"column":17},"end":{"line":36,"column":67}},"17":{"start":{"line":38,"column":2},"end":{"line":38,"column":16}},"18":{"start":{"line":41,"column":0},"end":{"line":41,"column":24}}},"fnMap":{"0":{"name":"(anonymous_0)","decl":{"start":{"line":8,"column":22},"end":{"line":8,"column":23}},"loc":{"start":{"line":8,"column":36},"end":{"line":26,"column":1}},"line":8},"1":{"name":"(anonymous_1)","decl":{"start":{"line":12,"column":10},"end":{"line":12,"column":11}},"loc":{"start":{"line":12,"column":18},"end":{"line":22,"column":5}},"line":12},"2":{"name":"(anonymous_2)","decl":{"start":{"line":23,"column":11},"end":{"line":23,"column":12}},"loc":{"start":{"line":23,"column":20},"end":{"line":25,"column":5}},"line":23},"3":{"name":"generateToken","decl":{"start":{"line":28,"column":9},"end":{"line":28,"column":22}},"loc":{"start":{"line":28,"column":29},"end":{"line":39,"column":1}},"line":28}},"branchMap":{"0":{"loc":{"start":{"line":13,"column":6},"end":{"line":21,"column":7}},"type":"if","locations":[{"start":{"line":13,"column":6},"end":{"line":21,"column":7}},{"start":{"line":13,"column":6},"end":{"line":21,"column":7}}],"line":13},"1":{"loc":{"start":{"line":13,"column":10},"end":{"line":13,"column":61}},"type":"binary-expr","locations":[{"start":{"line":13,"column":10},"end":{"line":13,"column":14}},{"start":{"line":13,"column":18},"end":{"line":13,"column":61}}],"line":13}},"s":{"0":3,"1":3,"2":3,"3":3,"4":3,"5":3,"6":3,"7":0,"8":0,"9":0,"10":0,"11":0,"12":0,"13":0,"14":0,"15":0,"16":0,"17":0,"18":3},"f":{"0":0,"1":0,"2":0,"3":0},"b":{"0":[0,0],"1":[0,0]},"_coverageSchema":"43e27e138ebf9cfc5966b082cf9a028302ed4184","hash":"8e8d37e4ff725154632179a8b872aebbb2cc2715"}
,"/Users/lisawilton/Lambda/lambdaProjects/Park-Passport-BW/auth/restricted-middleware.js": {"path":"/Users/lisawilton/Lambda/lambdaProjects/Park-Passport-BW/auth/restricted-middleware.js","statementMap":{"0":{"start":{"line":1,"column":12},"end":{"line":1,"column":35}},"1":{"start":{"line":3,"column":0},"end":{"line":21,"column":2}},"2":{"start":{"line":4,"column":16},"end":{"line":4,"column":41}},"3":{"start":{"line":5,"column":2},"end":{"line":20,"column":3}},"4":{"start":{"line":6,"column":4},"end":{"line":17,"column":5}},"5":{"start":{"line":10,"column":8},"end":{"line":15,"column":9}},"6":{"start":{"line":11,"column":10},"end":{"line":11,"column":71}},"7":{"start":{"line":13,"column":10},"end":{"line":13,"column":42}},"8":{"start":{"line":14,"column":10},"end":{"line":14,"column":16}},"9":{"start":{"line":19,"column":4},"end":{"line":19,"column":65}}},"fnMap":{"0":{"name":"(anonymous_0)","decl":{"start":{"line":3,"column":17},"end":{"line":3,"column":18}},"loc":{"start":{"line":3,"column":37},"end":{"line":21,"column":1}},"line":3},"1":{"name":"(anonymous_1)","decl":{"start":{"line":9,"column":6},"end":{"line":9,"column":7}},"loc":{"start":{"line":9,"column":29},"end":{"line":16,"column":7}},"line":9}},"branchMap":{"0":{"loc":{"start":{"line":5,"column":2},"end":{"line":20,"column":3}},"type":"if","locations":[{"start":{"line":5,"column":2},"end":{"line":20,"column":3}},{"start":{"line":5,"column":2},"end":{"line":20,"column":3}}],"line":5},"1":{"loc":{"start":{"line":10,"column":8},"end":{"line":15,"column":9}},"type":"if","locations":[{"start":{"line":10,"column":8},"end":{"line":15,"column":9}},{"start":{"line":10,"column":8},"end":{"line":15,"column":9}}],"line":10}},"s":{"0":3,"1":3,"2":2,"3":2,"4":2,"5":2,"6":0,"7":2,"8":2,"9":0},"f":{"0":2,"1":2},"b":{"0":[2,0],"1":[0,2]},"_coverageSchema":"43e27e138ebf9cfc5966b082cf9a028302ed4184","hash":"496083a605e463219ec1d2220edf47f687d7fd23"}
,"/Users/lisawilton/Lambda/lambdaProjects/Park-Passport-BW/database/db-config.js": {"path":"/Users/lisawilton/Lambda/lambdaProjects/Park-Passport-BW/database/db-config.js","statementMap":{"0":{"start":{"line":1,"column":13},"end":{"line":1,"column":28}},"1":{"start":{"line":3,"column":19},"end":{"line":3,"column":44}},"2":{"start":{"line":4,"column":14},"end":{"line":4,"column":49}},"3":{"start":{"line":6,"column":0},"end":{"line":6,"column":41}}},"fnMap":{},"branchMap":{"0":{"loc":{"start":{"line":4,"column":14},"end":{"line":4,"column":49}},"type":"binary-expr","locations":[{"start":{"line":4,"column":14},"end":{"line":4,"column":32}},{"start":{"line":4,"column":36},"end":{"line":4,"column":49}}],"line":4}},"s":{"0":3,"1":3,"2":3,"3":3},"f":{},"b":{"0":[3,3]},"_coverageSchema":"43e27e138ebf9cfc5966b082cf9a028302ed4184","hash":"6ec5dc6ae3ef39ba801a009b67c95c249629c549"}
,"/Users/lisawilton/Lambda/lambdaProjects/Park-Passport-BW/database/seeds/000-seed-cleanup.js.js": {"path":"/Users/lisawilton/Lambda/lambdaProjects/Park-Passport-BW/database/seeds/000-seed-cleanup.js.js","statementMap":{"0":{"start":{"line":1,"column":0},"end":{"line":12,"column":2}},"1":{"start":{"line":2,"column":2},"end":{"line":11,"column":3}},"2":{"start":{"line":6,"column":4},"end":{"line":6,"column":45}},"3":{"start":{"line":7,"column":4},"end":{"line":7,"column":37}},"4":{"start":{"line":8,"column":4},"end":{"line":8,"column":40}},"5":{"start":{"line":9,"column":4},"end":{"line":9,"column":35}},"6":{"start":{"line":10,"column":4},"end":{"line":10,"column":35}}},"fnMap":{"0":{"name":"(anonymous_0)","decl":{"start":{"line":1,"column":15},"end":{"line":1,"column":16}},"loc":{"start":{"line":1,"column":36},"end":{"line":12,"column":1}},"line":1}},"branchMap":{"0":{"loc":{"start":{"line":2,"column":2},"end":{"line":11,"column":3}},"type":"if","locations":[{"start":{"line":2,"column":2},"end":{"line":11,"column":3}},{"start":{"line":2,"column":2},"end":{"line":11,"column":3}}],"line":2},"1":{"loc":{"start":{"line":3,"column":4},"end":{"line":4,"column":36}},"type":"binary-expr","locations":[{"start":{"line":3,"column":4},"end":{"line":3,"column":40}},{"start":{"line":4,"column":4},"end":{"line":4,"column":36}}],"line":3}},"s":{"0":2,"1":2,"2":0,"3":0,"4":0,"5":0,"6":0},"f":{"0":2},"b":{"0":[0,2],"1":[2,2]},"_coverageSchema":"43e27e138ebf9cfc5966b082cf9a028302ed4184","hash":"f415450736ba4f0ea2433a75c938174e700362f9"}
,"/Users/lisawilton/Lambda/lambdaProjects/Park-Passport-BW/database/seeds/001-user-data.js": {"path":"/Users/lisawilton/Lambda/lambdaProjects/Park-Passport-BW/database/seeds/001-user-data.js","statementMap":{"0":{"start":{"line":1,"column":0},"end":{"line":24,"column":2}},"1":{"start":{"line":4,"column":2},"end":{"line":23,"column":5}}},"fnMap":{"0":{"name":"(anonymous_0)","decl":{"start":{"line":1,"column":15},"end":{"line":1,"column":16}},"loc":{"start":{"line":1,"column":30},"end":{"line":24,"column":1}},"line":1}},"branchMap":{},"s":{"0":2,"1":2},"f":{"0":2},"b":{},"_coverageSchema":"43e27e138ebf9cfc5966b082cf9a028302ed4184","hash":"2f5b534f9528a09898bfeb4e0dd2e6642e334d84"}
,"/Users/lisawilton/Lambda/lambdaProjects/Park-Passport-BW/database/seeds/002-park-data.js": {"path":"/Users/lisawilton/Lambda/lambdaProjects/Park-Passport-BW/database/seeds/002-park-data.js","statementMap":{"0":{"start":{"line":1,"column":0},"end":{"line":25,"column":2}},"1":{"start":{"line":2,"column":2},"end":{"line":24,"column":7}},"2":{"start":{"line":4,"column":6},"end":{"line":23,"column":9}}},"fnMap":{"0":{"name":"(anonymous_0)","decl":{"start":{"line":1,"column":15},"end":{"line":1,"column":16}},"loc":{"start":{"line":1,"column":30},"end":{"line":25,"column":1}},"line":1},"1":{"name":"(anonymous_1)","decl":{"start":{"line":3,"column":10},"end":{"line":3,"column":11}},"loc":{"start":{"line":3,"column":21},"end":{"line":24,"column":5}},"line":3}},"branchMap":{},"s":{"0":2,"1":0,"2":0},"f":{"0":0,"1":0},"b":{},"_coverageSchema":"43e27e138ebf9cfc5966b082cf9a028302ed4184","hash":"19d9bac818d8dd925a28c3d002be395b65fd261d"}
,"/Users/lisawilton/Lambda/lambdaProjects/Park-Passport-BW/database/seeds/003-property-data.js": {"path":"/Users/lisawilton/Lambda/lambdaProjects/Park-Passport-BW/database/seeds/003-property-data.js","statementMap":{"0":{"start":{"line":1,"column":0},"end":{"line":39,"column":2}},"1":{"start":{"line":2,"column":2},"end":{"line":38,"column":5}},"2":{"start":{"line":3,"column":4},"end":{"line":37,"column":7}}},"fnMap":{"0":{"name":"(anonymous_0)","decl":{"start":{"line":1,"column":15},"end":{"line":1,"column":16}},"loc":{"start":{"line":1,"column":30},"end":{"line":39,"column":1}},"line":1},"1":{"name":"(anonymous_1)","decl":{"start":{"line":2,"column":33},"end":{"line":2,"column":34}},"loc":{"start":{"line":2,"column":44},"end":{"line":38,"column":3}},"line":2}},"branchMap":{},"s":{"0":2,"1":0,"2":0},"f":{"0":0,"1":0},"b":{},"_coverageSchema":"43e27e138ebf9cfc5966b082cf9a028302ed4184","hash":"cf012c15f1478d163f824dff1a3ee1492506314e"}
,"/Users/lisawilton/Lambda/lambdaProjects/Park-Passport-BW/database/seeds/004-ratings-data.js": {"path":"/Users/lisawilton/Lambda/lambdaProjects/Park-Passport-BW/database/seeds/004-ratings-data.js","statementMap":{"0":{"start":{"line":1,"column":0},"end":{"line":25,"column":2}},"1":{"start":{"line":2,"column":2},"end":{"line":24,"column":7}},"2":{"start":{"line":4,"column":6},"end":{"line":23,"column":9}}},"fnMap":{"0":{"name":"(anonymous_0)","decl":{"start":{"line":1,"column":15},"end":{"line":1,"column":16}},"loc":{"start":{"line":1,"column":30},"end":{"line":25,"column":1}},"line":1},"1":{"name":"(anonymous_1)","decl":{"start":{"line":3,"column":10},"end":{"line":3,"column":11}},"loc":{"start":{"line":3,"column":21},"end":{"line":24,"column":5}},"line":3}},"branchMap":{},"s":{"0":2,"1":0,"2":0},"f":{"0":0,"1":0},"b":{},"_coverageSchema":"43e27e138ebf9cfc5966b082cf9a028302ed4184","hash":"62cc1039715e8989051d2e4f11abb63ba98b4e61"}
,"/Users/lisawilton/Lambda/lambdaProjects/Park-Passport-BW/database/seeds/005-park-properties-data.js": {"path":"/Users/lisawilton/Lambda/lambdaProjects/Park-Passport-BW/database/seeds/005-park-properties-data.js","statementMap":{"0":{"start":{"line":1,"column":0},"end":{"line":24,"column":2}},"1":{"start":{"line":2,"column":2},"end":{"line":23,"column":7}},"2":{"start":{"line":4,"column":6},"end":{"line":22,"column":9}}},"fnMap":{"0":{"name":"(anonymous_0)","decl":{"start":{"line":1,"column":15},"end":{"line":1,"column":16}},"loc":{"start":{"line":1,"column":30},"end":{"line":24,"column":1}},"line":1},"1":{"name":"(anonymous_1)","decl":{"start":{"line":3,"column":10},"end":{"line":3,"column":11}},"loc":{"start":{"line":3,"column":21},"end":{"line":23,"column":5}},"line":3}},"branchMap":{},"s":{"0":2,"1":0,"2":0},"f":{"0":0,"1":0},"b":{},"_coverageSchema":"43e27e138ebf9cfc5966b082cf9a028302ed4184","hash":"48df8bfa7ff21b4d34853550620b0d2f9503f8fe"}
,"/Users/lisawilton/Lambda/lambdaProjects/Park-Passport-BW/parks/parks-model.js": {"path":"/Users/lisawilton/Lambda/lambdaProjects/Park-Passport-BW/parks/parks-model.js","statementMap":{"0":{"start":{"line":1,"column":11},"end":{"line":1,"column":46}},"1":{"start":{"line":3,"column":0},"end":{"line":16,"column":2}},"2":{"start":{"line":19,"column":2},"end":{"line":23,"column":71}},"3":{"start":{"line":28,"column":2},"end":{"line":33,"column":7}},"4":{"start":{"line":31,"column":19},"end":{"line":31,"column":22}},"5":{"start":{"line":32,"column":6},"end":{"line":32,"column":26}},"6":{"start":{"line":37,"column":2},"end":{"line":42,"column":7}},"7":{"start":{"line":40,"column":19},"end":{"line":40,"column":22}},"8":{"start":{"line":41,"column":6},"end":{"line":41,"column":26}},"9":{"start":{"line":46,"column":2},"end":{"line":46,"column":26}},"10":{"start":{"line":50,"column":2},"end":{"line":55,"column":7}},"11":{"start":{"line":53,"column":19},"end":{"line":53,"column":22}},"12":{"start":{"line":54,"column":6},"end":{"line":54,"column":32}},"13":{"start":{"line":59,"column":2},"end":{"line":61,"column":13}},"14":{"start":{"line":65,"column":2},"end":{"line":67,"column":13}},"15":{"start":{"line":71,"column":2},"end":{"line":75,"column":23}},"16":{"start":{"line":79,"column":2},"end":{"line":83,"column":23}},"17":{"start":{"line":87,"column":2},"end":{"line":89,"column":19}},"18":{"start":{"line":94,"column":2},"end":{"line":96,"column":11}},"19":{"start":{"line":100,"column":2},"end":{"line":112,"column":23}}},"fnMap":{"0":{"name":"find","decl":{"start":{"line":18,"column":9},"end":{"line":18,"column":13}},"loc":{"start":{"line":18,"column":16},"end":{"line":24,"column":1}},"line":18},"1":{"name":"add","decl":{"start":{"line":27,"column":9},"end":{"line":27,"column":12}},"loc":{"start":{"line":27,"column":19},"end":{"line":34,"column":1}},"line":27},"2":{"name":"(anonymous_2)","decl":{"start":{"line":30,"column":10},"end":{"line":30,"column":11}},"loc":{"start":{"line":30,"column":17},"end":{"line":33,"column":5}},"line":30},"3":{"name":"addFacility","decl":{"start":{"line":36,"column":9},"end":{"line":36,"column":20}},"loc":{"start":{"line":36,"column":31},"end":{"line":43,"column":1}},"line":36},"4":{"name":"(anonymous_4)","decl":{"start":{"line":39,"column":10},"end":{"line":39,"column":11}},"loc":{"start":{"line":39,"column":17},"end":{"line":42,"column":5}},"line":39},"5":{"name":"getAllFacilities","decl":{"start":{"line":45,"column":9},"end":{"line":45,"column":25}},"loc":{"start":{"line":45,"column":28},"end":{"line":47,"column":1}},"line":45},"6":{"name":"addRating","decl":{"start":{"line":49,"column":9},"end":{"line":49,"column":18}},"loc":{"start":{"line":49,"column":27},"end":{"line":56,"column":1}},"line":49},"7":{"name":"(anonymous_7)","decl":{"start":{"line":52,"column":10},"end":{"line":52,"column":11}},"loc":{"start":{"line":52,"column":17},"end":{"line":55,"column":5}},"line":52},"8":{"name":"findRatingById","decl":{"start":{"line":58,"column":9},"end":{"line":58,"column":23}},"loc":{"start":{"line":58,"column":28},"end":{"line":62,"column":1}},"line":58},"9":{"name":"findById","decl":{"start":{"line":64,"column":9},"end":{"line":64,"column":17}},"loc":{"start":{"line":64,"column":22},"end":{"line":68,"column":1}},"line":64},"10":{"name":"findFacilities","decl":{"start":{"line":70,"column":9},"end":{"line":70,"column":23}},"loc":{"start":{"line":70,"column":28},"end":{"line":76,"column":1}},"line":70},"11":{"name":"getRatings","decl":{"start":{"line":78,"column":9},"end":{"line":78,"column":19}},"loc":{"start":{"line":78,"column":24},"end":{"line":84,"column":1}},"line":78},"12":{"name":"update","decl":{"start":{"line":86,"column":9},"end":{"line":86,"column":15}},"loc":{"start":{"line":86,"column":29},"end":{"line":90,"column":1}},"line":86},"13":{"name":"remove","decl":{"start":{"line":93,"column":9},"end":{"line":93,"column":15}},"loc":{"start":{"line":93,"column":20},"end":{"line":97,"column":1}},"line":93},"14":{"name":"getParkById","decl":{"start":{"line":99,"column":9},"end":{"line":99,"column":20}},"loc":{"start":{"line":99,"column":25},"end":{"line":113,"column":1}},"line":99}},"branchMap":{},"s":{"0":3,"1":3,"2":0,"3":1,"4":1,"5":1,"6":0,"7":0,"8":0,"9":0,"10":0,"11":0,"12":0,"13":0,"14":3,"15":2,"16":1,"17":1,"18":0,"19":0},"f":{"0":0,"1":1,"2":1,"3":0,"4":0,"5":0,"6":0,"7":0,"8":0,"9":3,"10":2,"11":1,"12":1,"13":0,"14":0},"b":{},"_coverageSchema":"43e27e138ebf9cfc5966b082cf9a028302ed4184","hash":"cfbde85773dbe91094da61dc5dd6060dd598348e"}
,"/Users/lisawilton/Lambda/lambdaProjects/Park-Passport-BW/parks/parks-router.js": {"path":"/Users/lisawilton/Lambda/lambdaProjects/Park-Passport-BW/parks/parks-router.js","statementMap":{"0":{"start":{"line":1,"column":16},"end":{"line":1,"column":34}},"1":{"start":{"line":2,"column":14},"end":{"line":2,"column":38}},"2":{"start":{"line":3,"column":15},"end":{"line":3,"column":31}},"3":{"start":{"line":4,"column":19},"end":{"line":4,"column":59}},"4":{"start":{"line":6,"column":0},"end":{"line":14,"column":3}},"5":{"start":{"line":7,"column":2},"end":{"line":13,"column":6}},"6":{"start":{"line":8,"column":19},"end":{"line":8,"column":46}},"7":{"start":{"line":10,"column":6},"end":{"line":12,"column":8}},"8":{"start":{"line":16,"column":0},"end":{"line":34,"column":3}},"9":{"start":{"line":17,"column":47},"end":{"line":17,"column":55}},"10":{"start":{"line":18,"column":18},"end":{"line":23,"column":3}},"11":{"start":{"line":25,"column":2},"end":{"line":33,"column":7}},"12":{"start":{"line":27,"column":6},"end":{"line":27,"column":34}},"13":{"start":{"line":30,"column":6},"end":{"line":32,"column":9}},"14":{"start":{"line":36,"column":0},"end":{"line":48,"column":3}},"15":{"start":{"line":37,"column":17},"end":{"line":37,"column":27}},"16":{"start":{"line":38,"column":2},"end":{"line":47,"column":7}},"17":{"start":{"line":40,"column":6},"end":{"line":40,"column":33}},"18":{"start":{"line":41,"column":6},"end":{"line":41,"column":24}},"19":{"start":{"line":44,"column":6},"end":{"line":46,"column":9}},"20":{"start":{"line":50,"column":0},"end":{"line":58,"column":3}},"21":{"start":{"line":51,"column":2},"end":{"line":57,"column":7}},"22":{"start":{"line":53,"column":6},"end":{"line":53,"column":33}},"23":{"start":{"line":56,"column":6},"end":{"line":56,"column":32}},"24":{"start":{"line":60,"column":0},"end":{"line":77,"column":3}},"25":{"start":{"line":61,"column":17},"end":{"line":61,"column":27}},"26":{"start":{"line":62,"column":15},"end":{"line":62,"column":33}},"27":{"start":{"line":63,"column":21},"end":{"line":63,"column":45}},"28":{"start":{"line":64,"column":2},"end":{"line":76,"column":7}},"29":{"start":{"line":66,"column":21},"end":{"line":69,"column":7}},"30":{"start":{"line":70,"column":6},"end":{"line":70,"column":35}},"31":{"start":{"line":73,"column":6},"end":{"line":75,"column":9}},"32":{"start":{"line":79,"column":0},"end":{"line":92,"column":3}},"33":{"start":{"line":80,"column":18},"end":{"line":80,"column":31}},"34":{"start":{"line":81,"column":22},"end":{"line":81,"column":49}},"35":{"start":{"line":82,"column":19},"end":{"line":82,"column":43}},"36":{"start":{"line":83,"column":2},"end":{"line":91,"column":7}},"37":{"start":{"line":85,"column":6},"end":{"line":85,"column":33}},"38":{"start":{"line":88,"column":6},"end":{"line":90,"column":9}},"39":{"start":{"line":94,"column":0},"end":{"line":115,"column":3}},"40":{"start":{"line":95,"column":17},"end":{"line":95,"column":27}},"41":{"start":{"line":96,"column":18},"end":{"line":96,"column":26}},"42":{"start":{"line":97,"column":2},"end":{"line":114,"column":7}},"43":{"start":{"line":99,"column":6},"end":{"line":108,"column":7}},"44":{"start":{"line":100,"column":8},"end":{"line":105,"column":11}},"45":{"start":{"line":101,"column":10},"end":{"line":104,"column":13}},"46":{"start":{"line":107,"column":8},"end":{"line":107,"column":80}},"47":{"start":{"line":111,"column":6},"end":{"line":113,"column":68}},"48":{"start":{"line":117,"column":0},"end":{"line":128,"column":3}},"49":{"start":{"line":118,"column":17},"end":{"line":118,"column":27}},"50":{"start":{"line":119,"column":2},"end":{"line":127,"column":7}},"51":{"start":{"line":121,"column":6},"end":{"line":121,"column":33}},"52":{"start":{"line":124,"column":6},"end":{"line":126,"column":9}},"53":{"start":{"line":130,"column":0},"end":{"line":146,"column":3}},"54":{"start":{"line":131,"column":23},"end":{"line":131,"column":39}},"55":{"start":{"line":132,"column":18},"end":{"line":132,"column":38}},"56":{"start":{"line":133,"column":17},"end":{"line":133,"column":27}},"57":{"start":{"line":134,"column":16},"end":{"line":134,"column":18}},"58":{"start":{"line":135,"column":30},"end":{"line":135,"column":38}},"59":{"start":{"line":136,"column":20},"end":{"line":136,"column":57}},"60":{"start":{"line":137,"column":2},"end":{"line":145,"column":7}},"61":{"start":{"line":139,"column":6},"end":{"line":139,"column":34}},"62":{"start":{"line":142,"column":6},"end":{"line":144,"column":9}},"63":{"start":{"line":148,"column":0},"end":{"line":161,"column":3}},"64":{"start":{"line":149,"column":17},"end":{"line":149,"column":27}},"65":{"start":{"line":150,"column":2},"end":{"line":160,"column":7}},"66":{"start":{"line":152,"column":6},"end":{"line":156,"column":7}},"67":{"start":{"line":153,"column":8},"end":{"line":153,"column":39}},"68":{"start":{"line":155,"column":8},"end":{"line":155,"column":79}},"69":{"start":{"line":159,"column":6},"end":{"line":159,"column":65}},"70":{"start":{"line":163,"column":0},"end":{"line":163,"column":24}}},"fnMap":{"0":{"name":"(anonymous_0)","decl":{"start":{"line":6,"column":16},"end":{"line":6,"column":17}},"loc":{"start":{"line":6,"column":30},"end":{"line":14,"column":1}},"line":6},"1":{"name":"(anonymous_1)","decl":{"start":{"line":8,"column":10},"end":{"line":8,"column":11}},"loc":{"start":{"line":8,"column":19},"end":{"line":8,"column":46}},"line":8},"2":{"name":"(anonymous_2)","decl":{"start":{"line":9,"column":11},"end":{"line":9,"column":12}},"loc":{"start":{"line":10,"column":6},"end":{"line":12,"column":8}},"line":10},"3":{"name":"(anonymous_3)","decl":{"start":{"line":16,"column":17},"end":{"line":16,"column":18}},"loc":{"start":{"line":16,"column":31},"end":{"line":34,"column":1}},"line":16},"4":{"name":"(anonymous_4)","decl":{"start":{"line":26,"column":10},"end":{"line":26,"column":11}},"loc":{"start":{"line":26,"column":19},"end":{"line":28,"column":5}},"line":26},"5":{"name":"(anonymous_5)","decl":{"start":{"line":29,"column":11},"end":{"line":29,"column":12}},"loc":{"start":{"line":29,"column":18},"end":{"line":33,"column":5}},"line":29},"6":{"name":"(anonymous_6)","decl":{"start":{"line":36,"column":30},"end":{"line":36,"column":31}},"loc":{"start":{"line":36,"column":44},"end":{"line":48,"column":1}},"line":36},"7":{"name":"(anonymous_7)","decl":{"start":{"line":39,"column":10},"end":{"line":39,"column":11}},"loc":{"start":{"line":39,"column":18},"end":{"line":42,"column":5}},"line":39},"8":{"name":"(anonymous_8)","decl":{"start":{"line":43,"column":11},"end":{"line":43,"column":12}},"loc":{"start":{"line":43,"column":18},"end":{"line":47,"column":5}},"line":43},"9":{"name":"(anonymous_9)","decl":{"start":{"line":50,"column":26},"end":{"line":50,"column":27}},"loc":{"start":{"line":50,"column":40},"end":{"line":58,"column":1}},"line":50},"10":{"name":"(anonymous_10)","decl":{"start":{"line":52,"column":10},"end":{"line":52,"column":11}},"loc":{"start":{"line":52,"column":18},"end":{"line":54,"column":5}},"line":52},"11":{"name":"(anonymous_11)","decl":{"start":{"line":55,"column":11},"end":{"line":55,"column":12}},"loc":{"start":{"line":55,"column":18},"end":{"line":57,"column":5}},"line":55},"12":{"name":"(anonymous_12)","decl":{"start":{"line":60,"column":19},"end":{"line":60,"column":20}},"loc":{"start":{"line":60,"column":33},"end":{"line":77,"column":1}},"line":60},"13":{"name":"(anonymous_13)","decl":{"start":{"line":65,"column":10},"end":{"line":65,"column":11}},"loc":{"start":{"line":65,"column":18},"end":{"line":71,"column":5}},"line":65},"14":{"name":"(anonymous_14)","decl":{"start":{"line":72,"column":11},"end":{"line":72,"column":12}},"loc":{"start":{"line":72,"column":18},"end":{"line":76,"column":5}},"line":72},"15":{"name":"(anonymous_15)","decl":{"start":{"line":79,"column":20},"end":{"line":79,"column":21}},"loc":{"start":{"line":79,"column":34},"end":{"line":92,"column":1}},"line":79},"16":{"name":"(anonymous_16)","decl":{"start":{"line":84,"column":10},"end":{"line":84,"column":11}},"loc":{"start":{"line":84,"column":18},"end":{"line":86,"column":5}},"line":84},"17":{"name":"(anonymous_17)","decl":{"start":{"line":87,"column":11},"end":{"line":87,"column":12}},"loc":{"start":{"line":87,"column":18},"end":{"line":91,"column":5}},"line":87},"18":{"name":"(anonymous_18)","decl":{"start":{"line":94,"column":31},"end":{"line":94,"column":32}},"loc":{"start":{"line":94,"column":45},"end":{"line":115,"column":1}},"line":94},"19":{"name":"(anonymous_19)","decl":{"start":{"line":98,"column":10},"end":{"line":98,"column":11}},"loc":{"start":{"line":98,"column":18},"end":{"line":109,"column":5}},"line":98},"20":{"name":"(anonymous_20)","decl":{"start":{"line":100,"column":39},"end":{"line":100,"column":40}},"loc":{"start":{"line":100,"column":54},"end":{"line":105,"column":9}},"line":100},"21":{"name":"(anonymous_21)","decl":{"start":{"line":110,"column":11},"end":{"line":110,"column":12}},"loc":{"start":{"line":110,"column":18},"end":{"line":114,"column":5}},"line":110},"22":{"name":"(anonymous_22)","decl":{"start":{"line":117,"column":27},"end":{"line":117,"column":28}},"loc":{"start":{"line":117,"column":41},"end":{"line":128,"column":1}},"line":117},"23":{"name":"(anonymous_23)","decl":{"start":{"line":120,"column":10},"end":{"line":120,"column":11}},"loc":{"start":{"line":120,"column":18},"end":{"line":122,"column":5}},"line":120},"24":{"name":"(anonymous_24)","decl":{"start":{"line":123,"column":11},"end":{"line":123,"column":12}},"loc":{"start":{"line":123,"column":18},"end":{"line":127,"column":5}},"line":123},"25":{"name":"(anonymous_25)","decl":{"start":{"line":130,"column":40},"end":{"line":130,"column":41}},"loc":{"start":{"line":130,"column":54},"end":{"line":146,"column":1}},"line":130},"26":{"name":"(anonymous_26)","decl":{"start":{"line":138,"column":10},"end":{"line":138,"column":11}},"loc":{"start":{"line":138,"column":19},"end":{"line":140,"column":5}},"line":138},"27":{"name":"(anonymous_27)","decl":{"start":{"line":141,"column":11},"end":{"line":141,"column":12}},"loc":{"start":{"line":141,"column":18},"end":{"line":145,"column":5}},"line":141},"28":{"name":"(anonymous_28)","decl":{"start":{"line":148,"column":34},"end":{"line":148,"column":35}},"loc":{"start":{"line":148,"column":48},"end":{"line":161,"column":1}},"line":148},"29":{"name":"(anonymous_29)","decl":{"start":{"line":151,"column":10},"end":{"line":151,"column":11}},"loc":{"start":{"line":151,"column":21},"end":{"line":157,"column":5}},"line":151},"30":{"name":"(anonymous_30)","decl":{"start":{"line":158,"column":11},"end":{"line":158,"column":12}},"loc":{"start":{"line":158,"column":18},"end":{"line":160,"column":5}},"line":158}},"branchMap":{"0":{"loc":{"start":{"line":99,"column":6},"end":{"line":108,"column":7}},"type":"if","locations":[{"start":{"line":99,"column":6},"end":{"line":108,"column":7}},{"start":{"line":99,"column":6},"end":{"line":108,"column":7}}],"line":99},"1":{"loc":{"start":{"line":152,"column":6},"end":{"line":156,"column":7}},"type":"if","locations":[{"start":{"line":152,"column":6},"end":{"line":156,"column":7}},{"start":{"line":152,"column":6},"end":{"line":156,"column":7}}],"line":152}},"s":{"0":3,"1":3,"2":3,"3":3,"4":3,"5":0,"6":0,"7":0,"8":3,"9":1,"10":1,"11":1,"12":1,"13":0,"14":3,"15":1,"16":1,"17":1,"18":1,"19":0,"20":3,"21":0,"22":0,"23":0,"24":3,"25":1,"26":1,"27":1,"28":1,"29":1,"30":1,"31":0,"32":3,"33":0,"34":0,"35":0,"36":0,"37":0,"38":0,"39":3,"40":1,"41":1,"42":1,"43":1,"44":1,"45":1,"46":0,"47":0,"48":3,"49":1,"50":1,"51":1,"52":0,"53":3,"54":0,"55":0,"56":0,"57":0,"58":0,"59":0,"60":0,"61":0,"62":0,"63":3,"64":0,"65":0,"66":0,"67":0,"68":0,"69":0,"70":3},"f":{"0":0,"1":0,"2":0,"3":1,"4":1,"5":0,"6":1,"7":1,"8":0,"9":0,"10":0,"11":0,"12":1,"13":1,"14":0,"15":0,"16":0,"17":0,"18":1,"19":1,"20":1,"21":0,"22":1,"23":1,"24":0,"25":0,"26":0,"27":0,"28":0,"29":0,"30":0},"b":{"0":[1,0],"1":[0,0]},"_coverageSchema":"43e27e138ebf9cfc5966b082cf9a028302ed4184","hash":"4049014f564a84cf46de6b2d69954de68f57f53e"}
,"/Users/lisawilton/Lambda/lambdaProjects/Park-Passport-BW/users/user-model.js": {"path":"/Users/lisawilton/Lambda/lambdaProjects/Park-Passport-BW/users/user-model.js","statementMap":{"0":{"start":{"line":1,"column":11},"end":{"line":1,"column":46}},"1":{"start":{"line":3,"column":0},"end":{"line":10,"column":2}},"2":{"start":{"line":13,"column":2},"end":{"line":13,"column":58}},"3":{"start":{"line":17,"column":2},"end":{"line":17,"column":35}},"4":{"start":{"line":21,"column":4},"end":{"line":26,"column":9}},"5":{"start":{"line":24,"column":21},"end":{"line":24,"column":24}},"6":{"start":{"line":25,"column":8},"end":{"line":25,"column":28}},"7":{"start":{"line":30,"column":2},"end":{"line":32,"column":13}},"8":{"start":{"line":36,"column":2},"end":{"line":40,"column":20}}},"fnMap":{"0":{"name":"find","decl":{"start":{"line":12,"column":9},"end":{"line":12,"column":13}},"loc":{"start":{"line":12,"column":16},"end":{"line":14,"column":1}},"line":12},"1":{"name":"findBy","decl":{"start":{"line":16,"column":9},"end":{"line":16,"column":15}},"loc":{"start":{"line":16,"column":24},"end":{"line":18,"column":1}},"line":16},"2":{"name":"add","decl":{"start":{"line":20,"column":9},"end":{"line":20,"column":12}},"loc":{"start":{"line":20,"column":19},"end":{"line":27,"column":3}},"line":20},"3":{"name":"(anonymous_3)","decl":{"start":{"line":23,"column":12},"end":{"line":23,"column":13}},"loc":{"start":{"line":23,"column":19},"end":{"line":26,"column":7}},"line":23},"4":{"name":"findById","decl":{"start":{"line":29,"column":9},"end":{"line":29,"column":17}},"loc":{"start":{"line":29,"column":22},"end":{"line":33,"column":1}},"line":29},"5":{"name":"getRatings","decl":{"start":{"line":35,"column":9},"end":{"line":35,"column":19}},"loc":{"start":{"line":35,"column":23},"end":{"line":41,"column":1}},"line":35}},"branchMap":{},"s":{"0":3,"1":3,"2":1,"3":2,"4":2,"5":1,"6":1,"7":1,"8":0},"f":{"0":1,"1":2,"2":2,"3":1,"4":1,"5":0},"b":{},"_coverageSchema":"43e27e138ebf9cfc5966b082cf9a028302ed4184","hash":"84395bbf8cbec53656d751a3981d4f89e0826f9e"}
,"/Users/lisawilton/Lambda/lambdaProjects/Park-Passport-BW/users/user-router.js": {"path":"/Users/lisawilton/Lambda/lambdaProjects/Park-Passport-BW/users/user-router.js","statementMap":{"0":{"start":{"line":1,"column":16},"end":{"line":1,"column":34}},"1":{"start":{"line":2,"column":15},"end":{"line":2,"column":34}},"2":{"start":{"line":3,"column":14},"end":{"line":3,"column":37}},"3":{"start":{"line":4,"column":15},"end":{"line":4,"column":31}},"4":{"start":{"line":5,"column":12},"end":{"line":5,"column":35}},"5":{"start":{"line":6,"column":0},"end":{"line":6,"column":27}},"6":{"start":{"line":7,"column":19},"end":{"line":7,"column":59}},"7":{"start":{"line":9,"column":0},"end":{"line":28,"column":3}},"8":{"start":{"line":10,"column":46},"end":{"line":10,"column":54}},"9":{"start":{"line":11,"column":15},"end":{"line":11,"column":44}},"10":{"start":{"line":12,"column":18},"end":{"line":17,"column":3}},"11":{"start":{"line":19,"column":2},"end":{"line":27,"column":7}},"12":{"start":{"line":21,"column":6},"end":{"line":21,"column":34}},"13":{"start":{"line":24,"column":6},"end":{"line":26,"column":9}},"14":{"start":{"line":30,"column":0},"end":{"line":48,"column":3}},"15":{"start":{"line":31,"column":31},"end":{"line":31,"column":39}},"16":{"start":{"line":32,"column":2},"end":{"line":47,"column":7}},"17":{"start":{"line":35,"column":6},"end":{"line":43,"column":7}},"18":{"start":{"line":36,"column":22},"end":{"line":36,"column":41}},"19":{"start":{"line":37,"column":8},"end":{"line":40,"column":11}},"20":{"start":{"line":42,"column":8},"end":{"line":42,"column":65}},"21":{"start":{"line":46,"column":6},"end":{"line":46,"column":42}},"22":{"start":{"line":50,"column":0},"end":{"line":58,"column":3}},"23":{"start":{"line":51,"column":2},"end":{"line":57,"column":6}},"24":{"start":{"line":52,"column":19},"end":{"line":52,"column":46}},"25":{"start":{"line":54,"column":6},"end":{"line":56,"column":8}},"26":{"start":{"line":60,"column":0},"end":{"line":68,"column":3}},"27":{"start":{"line":61,"column":2},"end":{"line":67,"column":6}},"28":{"start":{"line":62,"column":19},"end":{"line":62,"column":46}},"29":{"start":{"line":64,"column":6},"end":{"line":66,"column":8}},"30":{"start":{"line":70,"column":0},"end":{"line":81,"column":3}},"31":{"start":{"line":71,"column":17},"end":{"line":71,"column":27}},"32":{"start":{"line":72,"column":2},"end":{"line":80,"column":7}},"33":{"start":{"line":74,"column":6},"end":{"line":74,"column":21}},"34":{"start":{"line":77,"column":6},"end":{"line":79,"column":9}},"35":{"start":{"line":83,"column":0},"end":{"line":94,"column":3}},"36":{"start":{"line":84,"column":17},"end":{"line":84,"column":27}},"37":{"start":{"line":85,"column":2},"end":{"line":93,"column":7}},"38":{"start":{"line":87,"column":6},"end":{"line":87,"column":21}},"39":{"start":{"line":90,"column":6},"end":{"line":92,"column":9}},"40":{"start":{"line":96,"column":0},"end":{"line":107,"column":3}},"41":{"start":{"line":97,"column":17},"end":{"line":97,"column":27}},"42":{"start":{"line":98,"column":2},"end":{"line":106,"column":7}},"43":{"start":{"line":100,"column":6},"end":{"line":100,"column":36}},"44":{"start":{"line":103,"column":6},"end":{"line":105,"column":9}},"45":{"start":{"line":109,"column":0},"end":{"line":120,"column":3}},"46":{"start":{"line":110,"column":17},"end":{"line":110,"column":27}},"47":{"start":{"line":111,"column":2},"end":{"line":119,"column":7}},"48":{"start":{"line":113,"column":6},"end":{"line":113,"column":36}},"49":{"start":{"line":116,"column":6},"end":{"line":118,"column":9}},"50":{"start":{"line":123,"column":18},"end":{"line":126,"column":3}},"51":{"start":{"line":127,"column":18},"end":{"line":129,"column":3}},"52":{"start":{"line":131,"column":17},"end":{"line":131,"column":67}},"53":{"start":{"line":133,"column":2},"end":{"line":133,"column":16}},"54":{"start":{"line":136,"column":0},"end":{"line":136,"column":24}}},"fnMap":{"0":{"name":"(anonymous_0)","decl":{"start":{"line":9,"column":25},"end":{"line":9,"column":26}},"loc":{"start":{"line":9,"column":39},"end":{"line":28,"column":1}},"line":9},"1":{"name":"(anonymous_1)","decl":{"start":{"line":20,"column":10},"end":{"line":20,"column":11}},"loc":{"start":{"line":20,"column":19},"end":{"line":22,"column":5}},"line":20},"2":{"name":"(anonymous_2)","decl":{"start":{"line":23,"column":11},"end":{"line":23,"column":12}},"loc":{"start":{"line":23,"column":20},"end":{"line":27,"column":5}},"line":23},"3":{"name":"(anonymous_3)","decl":{"start":{"line":30,"column":22},"end":{"line":30,"column":23}},"loc":{"start":{"line":30,"column":36},"end":{"line":48,"column":1}},"line":30},"4":{"name":"(anonymous_4)","decl":{"start":{"line":34,"column":10},"end":{"line":34,"column":11}},"loc":{"start":{"line":34,"column":18},"end":{"line":44,"column":5}},"line":34},"5":{"name":"(anonymous_5)","decl":{"start":{"line":45,"column":11},"end":{"line":45,"column":12}},"loc":{"start":{"line":45,"column":20},"end":{"line":47,"column":5}},"line":45},"6":{"name":"(anonymous_6)","decl":{"start":{"line":50,"column":32},"end":{"line":50,"column":33}},"loc":{"start":{"line":50,"column":46},"end":{"line":58,"column":1}},"line":50},"7":{"name":"(anonymous_7)","decl":{"start":{"line":52,"column":10},"end":{"line":52,"column":11}},"loc":{"start":{"line":52,"column":19},"end":{"line":52,"column":46}},"line":52},"8":{"name":"(anonymous_8)","decl":{"start":{"line":53,"column":11},"end":{"line":53,"column":12}},"loc":{"start":{"line":54,"column":6},"end":{"line":56,"column":8}},"line":54},"9":{"name":"(anonymous_9)","decl":{"start":{"line":60,"column":25},"end":{"line":60,"column":26}},"loc":{"start":{"line":60,"column":39},"end":{"line":68,"column":1}},"line":60},"10":{"name":"(anonymous_10)","decl":{"start":{"line":62,"column":10},"end":{"line":62,"column":11}},"loc":{"start":{"line":62,"column":19},"end":{"line":62,"column":46}},"line":62},"11":{"name":"(anonymous_11)","decl":{"start":{"line":63,"column":11},"end":{"line":63,"column":12}},"loc":{"start":{"line":64,"column":6},"end":{"line":66,"column":8}},"line":64},"12":{"name":"(anonymous_12)","decl":{"start":{"line":70,"column":31},"end":{"line":70,"column":32}},"loc":{"start":{"line":70,"column":45},"end":{"line":81,"column":1}},"line":70},"13":{"name":"(anonymous_13)","decl":{"start":{"line":73,"column":10},"end":{"line":73,"column":11}},"loc":{"start":{"line":73,"column":18},"end":{"line":75,"column":5}},"line":73},"14":{"name":"(anonymous_14)","decl":{"start":{"line":76,"column":11},"end":{"line":76,"column":12}},"loc":{"start":{"line":76,"column":18},"end":{"line":80,"column":5}},"line":76},"15":{"name":"(anonymous_15)","decl":{"start":{"line":83,"column":24},"end":{"line":83,"column":25}},"loc":{"start":{"line":83,"column":38},"end":{"line":94,"column":1}},"line":83},"16":{"name":"(anonymous_16)","decl":{"start":{"line":86,"column":10},"end":{"line":86,"column":11}},"loc":{"start":{"line":86,"column":18},"end":{"line":88,"column":5}},"line":86},"17":{"name":"(anonymous_17)","decl":{"start":{"line":89,"column":11},"end":{"line":89,"column":12}},"loc":{"start":{"line":89,"column":18},"end":{"line":93,"column":5}},"line":89},"18":{"name":"(anonymous_18)","decl":{"start":{"line":96,"column":39},"end":{"line":96,"column":40}},"loc":{"start":{"line":96,"column":53},"end":{"line":107,"column":1}},"line":96},"19":{"name":"(anonymous_19)","decl":{"start":{"line":99,"column":10},"end":{"line":99,"column":11}},"loc":{"start":{"line":99,"column":21},"end":{"line":101,"column":5}},"line":99},"20":{"name":"(anonymous_20)","decl":{"start":{"line":102,"column":11},"end":{"line":102,"column":12}},"loc":{"start":{"line":102,"column":18},"end":{"line":106,"column":5}},"line":102},"21":{"name":"(anonymous_21)","decl":{"start":{"line":109,"column":32},"end":{"line":109,"column":33}},"loc":{"start":{"line":109,"column":46},"end":{"line":120,"column":1}},"line":109},"22":{"name":"(anonymous_22)","decl":{"start":{"line":112,"column":10},"end":{"line":112,"column":11}},"loc":{"start":{"line":112,"column":21},"end":{"line":114,"column":5}},"line":112},"23":{"name":"(anonymous_23)","decl":{"start":{"line":115,"column":11},"end":{"line":115,"column":12}},"loc":{"start":{"line":115,"column":18},"end":{"line":119,"column":5}},"line":115},"24":{"name":"generateToken","decl":{"start":{"line":122,"column":9},"end":{"line":122,"column":22}},"loc":{"start":{"line":122,"column":29},"end":{"line":134,"column":1}},"line":122}},"branchMap":{"0":{"loc":{"start":{"line":35,"column":6},"end":{"line":43,"column":7}},"type":"if","locations":[{"start":{"line":35,"column":6},"end":{"line":43,"column":7}},{"start":{"line":35,"column":6},"end":{"line":43,"column":7}}],"line":35},"1":{"loc":{"start":{"line":35,"column":10},"end":{"line":35,"column":61}},"type":"binary-expr","locations":[{"start":{"line":35,"column":10},"end":{"line":35,"column":14}},{"start":{"line":35,"column":18},"end":{"line":35,"column":61}}],"line":35}},"s":{"0":3,"1":3,"2":3,"3":3,"4":3,"5":3,"6":3,"7":3,"8":2,"9":2,"10":2,"11":2,"12":1,"13":1,"14":3,"15":2,"16":2,"17":2,"18":2,"19":2,"20":0,"21":0,"22":3,"23":1,"24":1,"25":0,"26":3,"27":0,"28":0,"29":0,"30":3,"31":0,"32":0,"33":0,"34":0,"35":3,"36":0,"37":0,"38":0,"39":0,"40":3,"41":0,"42":0,"43":0,"44":0,"45":3,"46":0,"47":0,"48":0,"49":0,"50":2,"51":2,"52":2,"53":2,"54":3},"f":{"0":2,"1":1,"2":1,"3":2,"4":2,"5":0,"6":1,"7":1,"8":0,"9":0,"10":0,"11":0,"12":0,"13":0,"14":0,"15":0,"16":0,"17":0,"18":0,"19":0,"20":0,"21":0,"22":0,"23":0,"24":2},"b":{"0":[2,0],"1":[2,2]},"_coverageSchema":"43e27e138ebf9cfc5966b082cf9a028302ed4184","hash":"4898e0d19a3d9bb4e4192d7fe5455ff5f33404f9"}
}
