TN:
SF:/Users/lisawilton/Lambda/lambdaProjects/Park-Passport-BW/knexfile.js
FN:9,(anonymous_0)
FNF:1
FNH:1
FNDA:2,(anonymous_0)
DA:1,3
DA:10,2
LF:2
LH:2
BRF:0
BRH:0
end_of_record
TN:
SF:/Users/lisawilton/Lambda/lambdaProjects/Park-Passport-BW/api/server.js
FN:21,(anonymous_0)
FNF:1
FNH:1
FNDA:3,(anonymous_0)
DA:1,3
DA:2,3
DA:3,3
DA:4,3
DA:5,3
DA:7,3
DA:8,3
DA:9,3
DA:11,3
DA:13,3
DA:14,3
DA:15,3
DA:17,3
DA:18,3
DA:19,3
DA:21,3
DA:22,3
DA:25,3
LF:18
LH:18
BRF:0
BRH:0
end_of_record
TN:
SF:/Users/lisawilton/Lambda/lambdaProjects/Park-Passport-BW/auth/auth-router.js
FN:8,(anonymous_0)
FN:12,(anonymous_1)
FN:23,(anonymous_2)
FN:28,generateToken
FNF:4
FNH:0
FNDA:0,(anonymous_0)
FNDA:0,(anonymous_1)
FNDA:0,(anonymous_2)
FNDA:0,generateToken
DA:1,3
DA:2,3
DA:3,3
DA:4,3
DA:5,3
DA:6,3
DA:8,3
DA:9,0
DA:10,0
DA:13,0
DA:14,0
DA:15,0
DA:20,0
DA:24,0
DA:29,0
DA:33,0
DA:36,0
DA:38,0
DA:41,3
LF:19
LH:8
BRDA:13,0,0,0
BRDA:13,0,1,0
BRDA:13,1,0,0
BRDA:13,1,1,0
BRF:4
BRH:0
end_of_record
TN:
SF:/Users/lisawilton/Lambda/lambdaProjects/Park-Passport-BW/auth/restricted-middleware.js
FN:3,(anonymous_0)
FN:9,(anonymous_1)
FNF:2
FNH:2
FNDA:2,(anonymous_0)
FNDA:2,(anonymous_1)
DA:1,3
DA:3,3
DA:4,2
DA:5,2
DA:6,2
DA:10,2
DA:11,0
DA:13,2
DA:14,2
DA:19,0
LF:10
LH:8
BRDA:5,0,0,2
BRDA:5,0,1,0
BRDA:10,1,0,0
BRDA:10,1,1,2
BRF:4
BRH:2
end_of_record
TN:
SF:/Users/lisawilton/Lambda/lambdaProjects/Park-Passport-BW/database/db-config.js
FNF:0
FNH:0
DA:1,3
DA:3,3
DA:4,3
DA:6,3
LF:4
LH:4
BRDA:4,0,0,3
BRDA:4,0,1,3
BRF:2
BRH:2
end_of_record
TN:
SF:/Users/lisawilton/Lambda/lambdaProjects/Park-Passport-BW/database/seeds/000-seed-cleanup.js.js
FN:1,(anonymous_0)
FNF:1
FNH:1
FNDA:2,(anonymous_0)
DA:1,2
DA:2,2
DA:6,0
DA:7,0
DA:8,0
DA:9,0
DA:10,0
LF:7
LH:2
BRDA:2,0,0,0
BRDA:2,0,1,2
BRDA:3,1,0,2
BRDA:3,1,1,2
BRF:4
BRH:3
end_of_record
TN:
SF:/Users/lisawilton/Lambda/lambdaProjects/Park-Passport-BW/database/seeds/001-user-data.js
FN:1,(anonymous_0)
FNF:1
FNH:1
FNDA:2,(anonymous_0)
DA:1,2
DA:4,2
LF:2
LH:2
BRF:0
BRH:0
end_of_record
TN:
SF:/Users/lisawilton/Lambda/lambdaProjects/Park-Passport-BW/database/seeds/002-park-data.js
FN:1,(anonymous_0)
FN:3,(anonymous_1)
FNF:2
FNH:0
FNDA:0,(anonymous_0)
FNDA:0,(anonymous_1)
DA:1,2
DA:2,0
DA:4,0
LF:3
LH:1
BRF:0
BRH:0
end_of_record
TN:
SF:/Users/lisawilton/Lambda/lambdaProjects/Park-Passport-BW/database/seeds/003-property-data.js
FN:1,(anonymous_0)
FN:2,(anonymous_1)
FNF:2
FNH:0
FNDA:0,(anonymous_0)
FNDA:0,(anonymous_1)
DA:1,2
DA:2,0
DA:3,0
LF:3
LH:1
BRF:0
BRH:0
end_of_record
TN:
SF:/Users/lisawilton/Lambda/lambdaProjects/Park-Passport-BW/database/seeds/004-ratings-data.js
FN:1,(anonymous_0)
FN:3,(anonymous_1)
FNF:2
FNH:0
FNDA:0,(anonymous_0)
FNDA:0,(anonymous_1)
DA:1,2
DA:2,0
DA:4,0
LF:3
LH:1
BRF:0
BRH:0
end_of_record
TN:
SF:/Users/lisawilton/Lambda/lambdaProjects/Park-Passport-BW/database/seeds/005-park-properties-data.js
FN:1,(anonymous_0)
FN:3,(anonymous_1)
FNF:2
FNH:0
FNDA:0,(anonymous_0)
FNDA:0,(anonymous_1)
DA:1,2
DA:2,0
DA:4,0
LF:3
LH:1
BRF:0
BRH:0
end_of_record
TN:
SF:/Users/lisawilton/Lambda/lambdaProjects/Park-Passport-BW/parks/parks-model.js
FN:18,find
FN:27,add
FN:30,(anonymous_2)
FN:36,addFacility
FN:39,(anonymous_4)
FN:45,getAllFacilities
FN:49,addRating
FN:52,(anonymous_7)
FN:58,findRatingById
FN:64,findById
FN:70,findFacilities
FN:78,getRatings
FN:86,update
FN:93,remove
FN:99,getParkById
FNF:15
FNH:6
FNDA:0,find
FNDA:1,add
FNDA:1,(anonymous_2)
FNDA:0,addFacility
FNDA:0,(anonymous_4)
FNDA:0,getAllFacilities
FNDA:0,addRating
FNDA:0,(anonymous_7)
FNDA:0,findRatingById
FNDA:3,findById
FNDA:2,findFacilities
FNDA:1,getRatings
FNDA:1,update
FNDA:0,remove
FNDA:0,getParkById
DA:1,3
DA:3,3
DA:19,0
DA:28,1
DA:31,1
DA:32,1
DA:37,0
DA:40,0
DA:41,0
DA:46,0
DA:50,0
DA:53,0
DA:54,0
DA:59,0
DA:65,3
DA:71,2
DA:79,1
DA:87,1
DA:94,0
DA:100,0
LF:20
LH:9
BRF:0
BRH:0
end_of_record
TN:
SF:/Users/lisawilton/Lambda/lambdaProjects/Park-Passport-BW/parks/parks-router.js
FN:6,(anonymous_0)
FN:8,(anonymous_1)
FN:9,(anonymous_2)
FN:16,(anonymous_3)
FN:26,(anonymous_4)
FN:29,(anonymous_5)
FN:36,(anonymous_6)
FN:39,(anonymous_7)
FN:43,(anonymous_8)
FN:50,(anonymous_9)
FN:52,(anonymous_10)
FN:55,(anonymous_11)
FN:60,(anonymous_12)
FN:65,(anonymous_13)
FN:72,(anonymous_14)
FN:79,(anonymous_15)
FN:84,(anonymous_16)
FN:87,(anonymous_17)
FN:94,(anonymous_18)
FN:98,(anonymous_19)
FN:100,(anonymous_20)
FN:110,(anonymous_21)
FN:117,(anonymous_22)
FN:120,(anonymous_23)
FN:123,(anonymous_24)
FN:130,(anonymous_25)
FN:138,(anonymous_26)
FN:141,(anonymous_27)
FN:148,(anonymous_28)
FN:151,(anonymous_29)
FN:158,(anonymous_30)
FNF:31
FNH:11
FNDA:0,(anonymous_0)
FNDA:0,(anonymous_1)
FNDA:0,(anonymous_2)
FNDA:1,(anonymous_3)
FNDA:1,(anonymous_4)
FNDA:0,(anonymous_5)
FNDA:1,(anonymous_6)
FNDA:1,(anonymous_7)
FNDA:0,(anonymous_8)
FNDA:0,(anonymous_9)
FNDA:0,(anonymous_10)
FNDA:0,(anonymous_11)
FNDA:1,(anonymous_12)
FNDA:1,(anonymous_13)
FNDA:0,(anonymous_14)
FNDA:0,(anonymous_15)
FNDA:0,(anonymous_16)
FNDA:0,(anonymous_17)
FNDA:1,(anonymous_18)
FNDA:1,(anonymous_19)
FNDA:1,(anonymous_20)
FNDA:0,(anonymous_21)
FNDA:1,(anonymous_22)
FNDA:1,(anonymous_23)
FNDA:0,(anonymous_24)
FNDA:0,(anonymous_25)
FNDA:0,(anonymous_26)
FNDA:0,(anonymous_27)
FNDA:0,(anonymous_28)
FNDA:0,(anonymous_29)
FNDA:0,(anonymous_30)
DA:1,3
DA:2,3
DA:3,3
DA:4,3
DA:6,3
DA:7,0
DA:8,0
DA:10,0
DA:16,3
DA:17,1
DA:18,1
DA:25,1
DA:27,1
DA:30,0
DA:36,3
DA:37,1
DA:38,1
DA:40,1
DA:41,1
DA:44,0
DA:50,3
DA:51,0
DA:53,0
DA:56,0
DA:60,3
DA:61,1
DA:62,1
DA:63,1
DA:64,1
DA:66,1
DA:70,1
DA:73,0
DA:79,3
DA:80,0
DA:81,0
DA:82,0
DA:83,0
DA:85,0
DA:88,0
DA:94,3
DA:95,1
DA:96,1
DA:97,1
DA:99,1
DA:100,1
DA:101,1
DA:107,0
DA:111,0
DA:117,3
DA:118,1
DA:119,1
DA:121,1
DA:124,0
DA:130,3
DA:131,0
DA:132,0
DA:133,0
DA:134,0
DA:135,0
DA:136,0
DA:137,0
DA:139,0
DA:142,0
DA:148,3
DA:149,0
DA:150,0
DA:152,0
DA:153,0
DA:155,0
DA:159,0
DA:163,3
LF:71
LH:38
BRDA:99,0,0,1
BRDA:99,0,1,0
BRDA:152,1,0,0
BRDA:152,1,1,0
BRF:4
BRH:1
end_of_record
TN:
SF:/Users/lisawilton/Lambda/lambdaProjects/Park-Passport-BW/users/user-model.js
FN:12,find
FN:16,findBy
FN:20,add
FN:23,(anonymous_3)
FN:29,findById
FN:35,getRatings
FNF:6
FNH:5
FNDA:1,find
FNDA:2,findBy
FNDA:2,add
FNDA:1,(anonymous_3)
FNDA:1,findById
FNDA:0,getRatings
DA:1,3
DA:3,3
DA:13,1
DA:17,2
DA:21,2
DA:24,1
DA:25,1
DA:30,1
DA:36,0
LF:9
LH:8
BRF:0
BRH:0
end_of_record
TN:
SF:/Users/lisawilton/Lambda/lambdaProjects/Park-Passport-BW/users/user-router.js
FN:9,(anonymous_0)
FN:20,(anonymous_1)
FN:23,(anonymous_2)
FN:30,(anonymous_3)
FN:34,(anonymous_4)
FN:45,(anonymous_5)
FN:50,(anonymous_6)
FN:52,(anonymous_7)
FN:53,(anonymous_8)
FN:60,(anonymous_9)
FN:62,(anonymous_10)
FN:63,(anonymous_11)
FN:70,(anonymous_12)
FN:73,(anonymous_13)
FN:76,(anonymous_14)
FN:83,(anonymous_15)
FN:86,(anonymous_16)
FN:89,(anonymous_17)
FN:96,(anonymous_18)
FN:99,(anonymous_19)
FN:102,(anonymous_20)
FN:109,(anonymous_21)
FN:112,(anonymous_22)
FN:115,(anonymous_23)
FN:122,generateToken
FNF:25
FNH:8
FNDA:2,(anonymous_0)
FNDA:1,(anonymous_1)
FNDA:1,(anonymous_2)
FNDA:2,(anonymous_3)
FNDA:2,(anonymous_4)
FNDA:0,(anonymous_5)
FNDA:1,(anonymous_6)
FNDA:1,(anonymous_7)
FNDA:0,(anonymous_8)
FNDA:0,(anonymous_9)
FNDA:0,(anonymous_10)
FNDA:0,(anonymous_11)
FNDA:0,(anonymous_12)
FNDA:0,(anonymous_13)
FNDA:0,(anonymous_14)
FNDA:0,(anonymous_15)
FNDA:0,(anonymous_16)
FNDA:0,(anonymous_17)
FNDA:0,(anonymous_18)
FNDA:0,(anonymous_19)
FNDA:0,(anonymous_20)
FNDA:0,(anonymous_21)
FNDA:0,(anonymous_22)
FNDA:0,(anonymous_23)
FNDA:2,generateToken
DA:1,3
DA:2,3
DA:3,3
DA:4,3
DA:5,3
DA:6,3
DA:7,3
DA:9,3
DA:10,2
DA:11,2
DA:12,2
DA:19,2
DA:21,1
DA:24,1
DA:30,3
DA:31,2
DA:32,2
DA:35,2
DA:36,2
DA:37,2
DA:42,0
DA:46,0
DA:50,3
DA:51,1
DA:52,1
DA:54,0
DA:60,3
DA:61,0
DA:62,0
DA:64,0
DA:70,3
DA:71,0
DA:72,0
DA:74,0
DA:77,0
DA:83,3
DA:84,0
DA:85,0
DA:87,0
DA:90,0
DA:96,3
DA:97,0
DA:98,0
DA:100,0
DA:103,0
DA:109,3
DA:110,0
DA:111,0
DA:113,0
DA:116,0
DA:123,2
DA:127,2
DA:131,2
DA:133,2
DA:136,3
LF:55
LH:33
BRDA:35,0,0,2
BRDA:35,0,1,0
BRDA:35,1,0,2
BRDA:35,1,1,2
BRF:4
BRH:3
end_of_record
